[2026-03-21 12:36:14] === LOOP STARTING ===
[2026-03-21 12:36:14] Working directory: /home/user/go/src/github.com/opd-ai/vania
[2026-03-21 12:36:14] Prompt directory:  /home/user/go/src/github.com/opd-ai/go-stats-generator
[2026-03-21 12:36:14] Max iterations:    50
[2026-03-21 12:36:14] --- Initialization ---
[2026-03-21 12:36:14] AUDIT.md already exists — skipping BASE_AUDIT.md.
[2026-03-21 12:36:14] PLAN.md already exists — skipping MAKE_PLAN.md.
[2026-03-21 12:36:14] --- Entering main loop (max 50 iterations) ---
[2026-03-21 12:36:14] 
[2026-03-21 12:36:14] === Iteration 1 / 50 ===
[2026-03-21 12:36:14] Step A: Executing next task...
[2026-03-21 12:36:14] Delegating: EXECUTE.md
[2026-03-21 13:04:30] Delegation complete: EXECUTE.md (exit code: 141)
[2026-03-21 13:04:30] WARNING: EXECUTE.md delegation returned non-zero.
[2026-03-21 13:04:30] Step B: Running tests...
[2026-03-21 13:04:30] Running tests...
[2026-03-21 13:05:17] Tests PASSED
[2026-03-21 13:05:17] [iteration 1] executed EXECUTE.md — tests: PASS
[2026-03-21 13:05:17] 
[2026-03-21 13:05:17] === Iteration 2 / 50 ===
[2026-03-21 13:05:17] Step A: Executing next task...
[2026-03-21 13:05:17] Delegating: EXECUTE.md
[2026-03-21 13:42:07] Delegation complete: EXECUTE.md (exit code: 1)
[2026-03-21 13:42:07] WARNING: EXECUTE.md delegation returned non-zero.
[2026-03-21 13:42:07] Step B: Running tests...
[2026-03-21 13:42:07] Running tests...
[2026-03-21 13:42:48] Tests PASSED
[2026-03-21 13:42:48] [iteration 2] executed EXECUTE.md — tests: PASS
[2026-03-21 13:42:48] 
[2026-03-21 13:42:48] === Iteration 3 / 50 ===
[2026-03-21 13:42:48] Step A: Executing next task...
[2026-03-21 13:42:48] Delegating: EXECUTE.md
[2026-03-21 13:54:21] Delegation complete: EXECUTE.md (exit code: 1)
[2026-03-21 13:54:21] WARNING: EXECUTE.md delegation returned non-zero.
[2026-03-21 13:54:21] Step B: Running tests...
[2026-03-21 13:54:21] Running tests...
[2026-03-21 13:55:02] Tests PASSED
[2026-03-21 13:55:02] [iteration 3] executed EXECUTE.md — tests: PASS
[2026-03-21 13:55:02] Step C: Periodic maintenance check (iteration 3)...
[2026-03-21 13:55:02] Complexity violations found: 1326 functions exceed thresholds
[2026-03-21 13:55:02]   Complexity violations detected — delegating BREAKDOWN.md...
[2026-03-21 13:55:02] Delegating: BREAKDOWN.md
[2026-03-21 14:04:59] Delegation complete: BREAKDOWN.md (exit code: 1)
[2026-03-21 14:04:59] Running tests...
[2026-03-21 14:05:44] Tests PASSED
[2026-03-21 14:05:44] [iteration 3] executed BREAKDOWN.md — tests: PASS
[2026-03-21 14:05:44] Clone pairs (33) exceed threshold of 10
[2026-03-21 14:05:44]   Duplication threshold exceeded — delegating DEDUPLICATE.md...
[2026-03-21 14:05:44] Delegating: DEDUPLICATE.md
[2026-03-21 14:14:36] Delegation complete: DEDUPLICATE.md (exit code: 1)
[2026-03-21 14:14:36] Running tests...
[2026-03-21 14:15:19] Tests PASSED
[2026-03-21 14:15:19] [iteration 3] executed DEDUPLICATE.md — tests: PASS
[2026-03-21 14:15:19] 
[2026-03-21 14:15:19] === Iteration 4 / 50 ===
[2026-03-21 14:15:19] Step A: Executing next task...
[2026-03-21 14:15:19] Delegating: EXECUTE.md
[2026-03-21 14:23:40] Delegation complete: EXECUTE.md (exit code: 1)
[2026-03-21 14:23:40] WARNING: EXECUTE.md delegation returned non-zero.
[2026-03-21 14:23:40] Step B: Running tests...
[2026-03-21 14:23:40] Running tests...
[2026-03-21 14:24:22] Tests FAILED (exit code: 1)
[2026-03-21 14:24:22] Tests failed — delegating FAIL.md to diagnose and fix...
[2026-03-21 14:24:22] Delegating: FAIL.md
